00:35:24: Creating resource group General
00:35:24: Creating resource group Internal
00:35:24: Creating resource group Autodetect
00:35:24: SceneManagerFactory for type 'DefaultSceneManager' registered.
00:35:24: Registering ResourceManager for type Material
00:35:24: Registering ResourceManager for type Mesh
00:35:24: Registering ResourceManager for type Skeleton
00:35:24: MovableObjectFactory for type 'ParticleSystem' registered.
00:35:24: OverlayElementFactory for type Panel registered.
00:35:24: OverlayElementFactory for type BorderPanel registered.
00:35:24: OverlayElementFactory for type TextArea registered.
00:35:24: Registering ResourceManager for type Font
00:35:24: ArchiveFactory for archive type FileSystem registered.
00:35:24: ArchiveFactory for archive type Zip registered.
00:35:24: ArchiveFactory for archive type EmbeddedZip registered.
00:35:24: DDS codec registering
00:35:24: FreeImage version: 3.15.4
00:35:24: This program uses FreeImage, a free, open source image library supporting all common bitmap formats. See http://freeimage.sourceforge.net for details
00:35:24: Supported formats: bmp,ico,jpg,jif,jpeg,jpe,jng,koa,iff,lbm,mng,pbm,pbm,pcd,pcx,pgm,pgm,png,ppm,ppm,ras,tga,targa,tif,tiff,wap,wbmp,wbm,psd,cut,xbm,xpm,gif,hdr,g3,sgi,exr,j2k,j2c,jp2,pfm,pct,pict,pic,3fr,arw,bay,bmq,cap,cine,cr2,crw,cs1,dc2,dcr,drf,dsc,dng,erf,fff,ia,iiq,k25,kc2,kdc,mdc,mef,mos,mrw,nef,nrw,orf,pef,ptx,pxn,qtk,raf,raw,rdc,rw2,rwl,rwz,sr2,srf,srw,sti
00:35:24: Registering ResourceManager for type HighLevelGpuProgram
00:35:24: Registering ResourceManager for type Compositor
00:35:24: MovableObjectFactory for type 'Entity' registered.
00:35:24: MovableObjectFactory for type 'Light' registered.
00:35:24: MovableObjectFactory for type 'BillboardSet' registered.
00:35:24: MovableObjectFactory for type 'ManualObject' registered.
00:35:24: MovableObjectFactory for type 'BillboardChain' registered.
00:35:24: MovableObjectFactory for type 'RibbonTrail' registered.
00:35:24: *-*-* OGRE Initialising
00:35:24: *-*-* Version 1.8.1 (Byatis)
00:35:24: Loading library /usr/lib/arm-linux-gnueabihf/OGRE-1.8.0/RenderSystem_GL
00:35:25: Installing plugin: GL RenderSystem
00:35:25: OpenGL Rendering Subsystem created.
00:35:25: Plugin successfully installed
00:35:25: Loading library /usr/lib/arm-linux-gnueabihf/OGRE-1.8.0/Plugin_OctreeSceneManager
00:35:25: Installing plugin: Octree Scene Manager
00:35:25: Plugin successfully installed
00:35:25: Loading library /usr/lib/arm-linux-gnueabihf/OGRE-1.8.0/Plugin_ParticleFX
00:35:25: Installing plugin: ParticleFX
00:35:25: Particle Emitter Type 'Point' registered
00:35:25: Particle Emitter Type 'Box' registered
00:35:25: Particle Emitter Type 'Ellipsoid' registered
00:35:25: Particle Emitter Type 'Cylinder' registered
00:35:25: Particle Emitter Type 'Ring' registered
00:35:25: Particle Emitter Type 'HollowEllipsoid' registered
00:35:25: Particle Affector Type 'LinearForce' registered
00:35:25: Particle Affector Type 'ColourFader' registered
00:35:25: Particle Affector Type 'ColourFader2' registered
00:35:25: Particle Affector Type 'ColourImage' registered
00:35:25: Particle Affector Type 'ColourInterpolator' registered
00:35:25: Particle Affector Type 'Scaler' registered
00:35:25: Particle Affector Type 'Rotator' registered
00:35:25: Particle Affector Type 'DirectionRandomiser' registered
00:35:25: Particle Affector Type 'DeflectorPlane' registered
00:35:25: Plugin successfully installed
00:35:25: CPU Identifier & Features
00:35:25: -------------------------
00:35:25:  *   CPU ID: Unknown ARM
00:35:25:  *      VFP: no
00:35:25:  *     NEON: no
00:35:25: -------------------------
00:35:25: ******************************
*** Starting GLX Subsystem ***
******************************
00:35:25: Registering ResourceManager for type Texture
00:35:25: GLRenderSystem::_createRenderWindow "OgreWindow(0)", 1x1 windowed  miscParams: externalGLControl= macAPI=carbon parentWindowHandle=46137345 
00:35:25: GLXWindow::create used FBConfigID = 115
00:35:25: OGRE EXCEPTION(2:InvalidParametersException): Window with name 'OgreWindow(0)' already exists in GLRenderSystem::_createRenderWindow at /build/buildd/ogre-1.8-1.8.1+dfsg/RenderSystems/GL/src/OgreGLRenderSystem.cpp (line 1038)
00:35:25: OGRE EXCEPTION(2:InvalidParametersException): Window with name 'OgreWindow(0)' already exists in GLRenderSystem::_createRenderWindow at /build/buildd/ogre-1.8-1.8.1+dfsg/RenderSystems/GL/src/OgreGLRenderSystem.cpp (line 1038)
00:35:25: OGRE EXCEPTION(2:InvalidParametersException): Window with name 'OgreWindow(0)' already exists in GLRenderSystem::_createRenderWindow at /build/buildd/ogre-1.8-1.8.1+dfsg/RenderSystems/GL/src/OgreGLRenderSystem.cpp (line 1038)
00:35:25: OGRE EXCEPTION(2:InvalidParametersException): Window with name 'OgreWindow(0)' already exists in GLRenderSystem::_createRenderWindow at /build/buildd/ogre-1.8-1.8.1+dfsg/RenderSystems/GL/src/OgreGLRenderSystem.cpp (line 1038)
00:35:25: OGRE EXCEPTION(2:InvalidParametersException): Window with name 'OgreWindow(0)' already exists in GLRenderSystem::_createRenderWindow at /build/buildd/ogre-1.8-1.8.1+dfsg/RenderSystems/GL/src/OgreGLRenderSystem.cpp (line 1038)
00:35:25: OGRE EXCEPTION(2:InvalidParametersException): Window with name 'OgreWindow(0)' already exists in GLRenderSystem::_createRenderWindow at /build/buildd/ogre-1.8-1.8.1+dfsg/RenderSystems/GL/src/OgreGLRenderSystem.cpp (line 1038)
00:35:25: OGRE EXCEPTION(2:InvalidParametersException): Window with name 'OgreWindow(0)' already exists in GLRenderSystem::_createRenderWindow at /build/buildd/ogre-1.8-1.8.1+dfsg/RenderSystems/GL/src/OgreGLRenderSystem.cpp (line 1038)
00:35:25: OGRE EXCEPTION(2:InvalidParametersException): Window with name 'OgreWindow(0)' already exists in GLRenderSystem::_createRenderWindow at /build/buildd/ogre-1.8-1.8.1+dfsg/RenderSystems/GL/src/OgreGLRenderSystem.cpp (line 1038)
00:35:25: OGRE EXCEPTION(2:InvalidParametersException): Window with name 'OgreWindow(0)' already exists in GLRenderSystem::_createRenderWindow at /build/buildd/ogre-1.8-1.8.1+dfsg/RenderSystems/GL/src/OgreGLRenderSystem.cpp (line 1038)
00:35:25: OGRE EXCEPTION(2:InvalidParametersException): Window with name 'OgreWindow(0)' already exists in GLRenderSystem::_createRenderWindow at /build/buildd/ogre-1.8-1.8.1+dfsg/RenderSystems/GL/src/OgreGLRenderSystem.cpp (line 1038)
00:35:25: OGRE EXCEPTION(2:InvalidParametersException): Window with name 'OgreWindow(0)' already exists in GLRenderSystem::_createRenderWindow at /build/buildd/ogre-1.8-1.8.1+dfsg/RenderSystems/GL/src/OgreGLRenderSystem.cpp (line 1038)
00:35:25: OGRE EXCEPTION(2:InvalidParametersException): Window with name 'OgreWindow(0)' already exists in GLRenderSystem::_createRenderWindow at /build/buildd/ogre-1.8-1.8.1+dfsg/RenderSystems/GL/src/OgreGLRenderSystem.cpp (line 1038)
00:35:25: OGRE EXCEPTION(2:InvalidParametersException): Window with name 'OgreWindow(0)' already exists in GLRenderSystem::_createRenderWindow at /build/buildd/ogre-1.8-1.8.1+dfsg/RenderSystems/GL/src/OgreGLRenderSystem.cpp (line 1038)
00:35:25: OGRE EXCEPTION(2:InvalidParametersException): Window with name 'OgreWindow(0)' already exists in GLRenderSystem::_createRenderWindow at /build/buildd/ogre-1.8-1.8.1+dfsg/RenderSystems/GL/src/OgreGLRenderSystem.cpp (line 1038)
00:35:25: OGRE EXCEPTION(2:InvalidParametersException): Window with name 'OgreWindow(0)' already exists in GLRenderSystem::_createRenderWindow at /build/buildd/ogre-1.8-1.8.1+dfsg/RenderSystems/GL/src/OgreGLRenderSystem.cpp (line 1038)
00:35:25: OGRE EXCEPTION(2:InvalidParametersException): Window with name 'OgreWindow(0)' already exists in GLRenderSystem::_createRenderWindow at /build/buildd/ogre-1.8-1.8.1+dfsg/RenderSystems/GL/src/OgreGLRenderSystem.cpp (line 1038)
00:35:25: OGRE EXCEPTION(2:InvalidParametersException): Window with name 'OgreWindow(0)' already exists in GLRenderSystem::_createRenderWindow at /build/buildd/ogre-1.8-1.8.1+dfsg/RenderSystems/GL/src/OgreGLRenderSystem.cpp (line 1038)
00:35:25: OGRE EXCEPTION(2:InvalidParametersException): Window with name 'OgreWindow(0)' already exists in GLRenderSystem::_createRenderWindow at /build/buildd/ogre-1.8-1.8.1+dfsg/RenderSystems/GL/src/OgreGLRenderSystem.cpp (line 1038)
00:35:25: OGRE EXCEPTION(2:InvalidParametersException): Window with name 'OgreWindow(0)' already exists in GLRenderSystem::_createRenderWindow at /build/buildd/ogre-1.8-1.8.1+dfsg/RenderSystems/GL/src/OgreGLRenderSystem.cpp (line 1038)
00:35:25: OGRE EXCEPTION(2:InvalidParametersException): Window with name 'OgreWindow(0)' already exists in GLRenderSystem::_createRenderWindow at /build/buildd/ogre-1.8-1.8.1+dfsg/RenderSystems/GL/src/OgreGLRenderSystem.cpp (line 1038)
00:35:25: OGRE EXCEPTION(2:InvalidParametersException): Window with name 'OgreWindow(0)' already exists in GLRenderSystem::_createRenderWindow at /build/buildd/ogre-1.8-1.8.1+dfsg/RenderSystems/GL/src/OgreGLRenderSystem.cpp (line 1038)
00:35:25: OGRE EXCEPTION(2:InvalidParametersException): Window with name 'OgreWindow(0)' already exists in GLRenderSystem::_createRenderWindow at /build/buildd/ogre-1.8-1.8.1+dfsg/RenderSystems/GL/src/OgreGLRenderSystem.cpp (line 1038)
00:35:25: OGRE EXCEPTION(2:InvalidParametersException): Window with name 'OgreWindow(0)' already exists in GLRenderSystem::_createRenderWindow at /build/buildd/ogre-1.8-1.8.1+dfsg/RenderSystems/GL/src/OgreGLRenderSystem.cpp (line 1038)
00:35:25: OGRE EXCEPTION(2:InvalidParametersException): Window with name 'OgreWindow(0)' already exists in GLRenderSystem::_createRenderWindow at /build/buildd/ogre-1.8-1.8.1+dfsg/RenderSystems/GL/src/OgreGLRenderSystem.cpp (line 1038)
00:35:25: OGRE EXCEPTION(2:InvalidParametersException): Window with name 'OgreWindow(0)' already exists in GLRenderSystem::_createRenderWindow at /build/buildd/ogre-1.8-1.8.1+dfsg/RenderSystems/GL/src/OgreGLRenderSystem.cpp (line 1038)
00:35:25: OGRE EXCEPTION(2:InvalidParametersException): Window with name 'OgreWindow(0)' already exists in GLRenderSystem::_createRenderWindow at /build/buildd/ogre-1.8-1.8.1+dfsg/RenderSystems/GL/src/OgreGLRenderSystem.cpp (line 1038)
00:35:25: OGRE EXCEPTION(2:InvalidParametersException): Window with name 'OgreWindow(0)' already exists in GLRenderSystem::_createRenderWindow at /build/buildd/ogre-1.8-1.8.1+dfsg/RenderSystems/GL/src/OgreGLRenderSystem.cpp (line 1038)
00:35:25: OGRE EXCEPTION(2:InvalidParametersException): Window with name 'OgreWindow(0)' already exists in GLRenderSystem::_createRenderWindow at /build/buildd/ogre-1.8-1.8.1+dfsg/RenderSystems/GL/src/OgreGLRenderSystem.cpp (line 1038)
00:35:25: OGRE EXCEPTION(2:InvalidParametersException): Window with name 'OgreWindow(0)' already exists in GLRenderSystem::_createRenderWindow at /build/buildd/ogre-1.8-1.8.1+dfsg/RenderSystems/GL/src/OgreGLRenderSystem.cpp (line 1038)
00:35:25: OGRE EXCEPTION(2:InvalidParametersException): Window with name 'OgreWindow(0)' already exists in GLRenderSystem::_createRenderWindow at /build/buildd/ogre-1.8-1.8.1+dfsg/RenderSystems/GL/src/OgreGLRenderSystem.cpp (line 1038)
00:35:25: OGRE EXCEPTION(2:InvalidParametersException): Window with name 'OgreWindow(0)' already exists in GLRenderSystem::_createRenderWindow at /build/buildd/ogre-1.8-1.8.1+dfsg/RenderSystems/GL/src/OgreGLRenderSystem.cpp (line 1038)
00:35:25: OGRE EXCEPTION(2:InvalidParametersException): Window with name 'OgreWindow(0)' already exists in GLRenderSystem::_createRenderWindow at /build/buildd/ogre-1.8-1.8.1+dfsg/RenderSystems/GL/src/OgreGLRenderSystem.cpp (line 1038)
00:35:25: OGRE EXCEPTION(2:InvalidParametersException): Window with name 'OgreWindow(0)' already exists in GLRenderSystem::_createRenderWindow at /build/buildd/ogre-1.8-1.8.1+dfsg/RenderSystems/GL/src/OgreGLRenderSystem.cpp (line 1038)
00:35:25: OGRE EXCEPTION(2:InvalidParametersException): Window with name 'OgreWindow(0)' already exists in GLRenderSystem::_createRenderWindow at /build/buildd/ogre-1.8-1.8.1+dfsg/RenderSystems/GL/src/OgreGLRenderSystem.cpp (line 1038)
00:35:25: OGRE EXCEPTION(2:InvalidParametersException): Window with name 'OgreWindow(0)' already exists in GLRenderSystem::_createRenderWindow at /build/buildd/ogre-1.8-1.8.1+dfsg/RenderSystems/GL/src/OgreGLRenderSystem.cpp (line 1038)
00:35:25: OGRE EXCEPTION(2:InvalidParametersException): Window with name 'OgreWindow(0)' already exists in GLRenderSystem::_createRenderWindow at /build/buildd/ogre-1.8-1.8.1+dfsg/RenderSystems/GL/src/OgreGLRenderSystem.cpp (line 1038)
00:35:25: OGRE EXCEPTION(2:InvalidParametersException): Window with name 'OgreWindow(0)' already exists in GLRenderSystem::_createRenderWindow at /build/buildd/ogre-1.8-1.8.1+dfsg/RenderSystems/GL/src/OgreGLRenderSystem.cpp (line 1038)
00:35:25: OGRE EXCEPTION(2:InvalidParametersException): Window with name 'OgreWindow(0)' already exists in GLRenderSystem::_createRenderWindow at /build/buildd/ogre-1.8-1.8.1+dfsg/RenderSystems/GL/src/OgreGLRenderSystem.cpp (line 1038)
00:35:25: OGRE EXCEPTION(2:InvalidParametersException): Window with name 'OgreWindow(0)' already exists in GLRenderSystem::_createRenderWindow at /build/buildd/ogre-1.8-1.8.1+dfsg/RenderSystems/GL/src/OgreGLRenderSystem.cpp (line 1038)
00:35:25: OGRE EXCEPTION(2:InvalidParametersException): Window with name 'OgreWindow(0)' already exists in GLRenderSystem::_createRenderWindow at /build/buildd/ogre-1.8-1.8.1+dfsg/RenderSystems/GL/src/OgreGLRenderSystem.cpp (line 1038)
00:35:25: OGRE EXCEPTION(2:InvalidParametersException): Window with name 'OgreWindow(0)' already exists in GLRenderSystem::_createRenderWindow at /build/buildd/ogre-1.8-1.8.1+dfsg/RenderSystems/GL/src/OgreGLRenderSystem.cpp (line 1038)
00:35:25: OGRE EXCEPTION(2:InvalidParametersException): Window with name 'OgreWindow(0)' already exists in GLRenderSystem::_createRenderWindow at /build/buildd/ogre-1.8-1.8.1+dfsg/RenderSystems/GL/src/OgreGLRenderSystem.cpp (line 1038)
00:35:25: OGRE EXCEPTION(2:InvalidParametersException): Window with name 'OgreWindow(0)' already exists in GLRenderSystem::_createRenderWindow at /build/buildd/ogre-1.8-1.8.1+dfsg/RenderSystems/GL/src/OgreGLRenderSystem.cpp (line 1038)
00:35:25: OGRE EXCEPTION(2:InvalidParametersException): Window with name 'OgreWindow(0)' already exists in GLRenderSystem::_createRenderWindow at /build/buildd/ogre-1.8-1.8.1+dfsg/RenderSystems/GL/src/OgreGLRenderSystem.cpp (line 1038)
00:35:25: OGRE EXCEPTION(2:InvalidParametersException): Window with name 'OgreWindow(0)' already exists in GLRenderSystem::_createRenderWindow at /build/buildd/ogre-1.8-1.8.1+dfsg/RenderSystems/GL/src/OgreGLRenderSystem.cpp (line 1038)
00:35:25: OGRE EXCEPTION(2:InvalidParametersException): Window with name 'OgreWindow(0)' already exists in GLRenderSystem::_createRenderWindow at /build/buildd/ogre-1.8-1.8.1+dfsg/RenderSystems/GL/src/OgreGLRenderSystem.cpp (line 1038)
00:35:25: OGRE EXCEPTION(2:InvalidParametersException): Window with name 'OgreWindow(0)' already exists in GLRenderSystem::_createRenderWindow at /build/buildd/ogre-1.8-1.8.1+dfsg/RenderSystems/GL/src/OgreGLRenderSystem.cpp (line 1038)
00:35:25: OGRE EXCEPTION(2:InvalidParametersException): Window with name 'OgreWindow(0)' already exists in GLRenderSystem::_createRenderWindow at /build/buildd/ogre-1.8-1.8.1+dfsg/RenderSystems/GL/src/OgreGLRenderSystem.cpp (line 1038)
00:35:25: OGRE EXCEPTION(2:InvalidParametersException): Window with name 'OgreWindow(0)' already exists in GLRenderSystem::_createRenderWindow at /build/buildd/ogre-1.8-1.8.1+dfsg/RenderSystems/GL/src/OgreGLRenderSystem.cpp (line 1038)
00:35:25: OGRE EXCEPTION(2:InvalidParametersException): Window with name 'OgreWindow(0)' already exists in GLRenderSystem::_createRenderWindow at /build/buildd/ogre-1.8-1.8.1+dfsg/RenderSystems/GL/src/OgreGLRenderSystem.cpp (line 1038)
00:35:25: OGRE EXCEPTION(2:InvalidParametersException): Window with name 'OgreWindow(0)' already exists in GLRenderSystem::_createRenderWindow at /build/buildd/ogre-1.8-1.8.1+dfsg/RenderSystems/GL/src/OgreGLRenderSystem.cpp (line 1038)
00:35:25: OGRE EXCEPTION(2:InvalidParametersException): Window with name 'OgreWindow(0)' already exists in GLRenderSystem::_createRenderWindow at /build/buildd/ogre-1.8-1.8.1+dfsg/RenderSystems/GL/src/OgreGLRenderSystem.cpp (line 1038)
00:35:25: OGRE EXCEPTION(2:InvalidParametersException): Window with name 'OgreWindow(0)' already exists in GLRenderSystem::_createRenderWindow at /build/buildd/ogre-1.8-1.8.1+dfsg/RenderSystems/GL/src/OgreGLRenderSystem.cpp (line 1038)
00:35:25: OGRE EXCEPTION(2:InvalidParametersException): Window with name 'OgreWindow(0)' already exists in GLRenderSystem::_createRenderWindow at /build/buildd/ogre-1.8-1.8.1+dfsg/RenderSystems/GL/src/OgreGLRenderSystem.cpp (line 1038)
00:35:25: OGRE EXCEPTION(2:InvalidParametersException): Window with name 'OgreWindow(0)' already exists in GLRenderSystem::_createRenderWindow at /build/buildd/ogre-1.8-1.8.1+dfsg/RenderSystems/GL/src/OgreGLRenderSystem.cpp (line 1038)
00:35:25: OGRE EXCEPTION(2:InvalidParametersException): Window with name 'OgreWindow(0)' already exists in GLRenderSystem::_createRenderWindow at /build/buildd/ogre-1.8-1.8.1+dfsg/RenderSystems/GL/src/OgreGLRenderSystem.cpp (line 1038)
00:35:25: OGRE EXCEPTION(2:InvalidParametersException): Window with name 'OgreWindow(0)' already exists in GLRenderSystem::_createRenderWindow at /build/buildd/ogre-1.8-1.8.1+dfsg/RenderSystems/GL/src/OgreGLRenderSystem.cpp (line 1038)
00:35:25: OGRE EXCEPTION(2:InvalidParametersException): Window with name 'OgreWindow(0)' already exists in GLRenderSystem::_createRenderWindow at /build/buildd/ogre-1.8-1.8.1+dfsg/RenderSystems/GL/src/OgreGLRenderSystem.cpp (line 1038)
00:35:25: OGRE EXCEPTION(2:InvalidParametersException): Window with name 'OgreWindow(0)' already exists in GLRenderSystem::_createRenderWindow at /build/buildd/ogre-1.8-1.8.1+dfsg/RenderSystems/GL/src/OgreGLRenderSystem.cpp (line 1038)
00:35:25: OGRE EXCEPTION(2:InvalidParametersException): Window with name 'OgreWindow(0)' already exists in GLRenderSystem::_createRenderWindow at /build/buildd/ogre-1.8-1.8.1+dfsg/RenderSystems/GL/src/OgreGLRenderSystem.cpp (line 1038)
00:35:25: OGRE EXCEPTION(2:InvalidParametersException): Window with name 'OgreWindow(0)' already exists in GLRenderSystem::_createRenderWindow at /build/buildd/ogre-1.8-1.8.1+dfsg/RenderSystems/GL/src/OgreGLRenderSystem.cpp (line 1038)
00:35:25: OGRE EXCEPTION(2:InvalidParametersException): Window with name 'OgreWindow(0)' already exists in GLRenderSystem::_createRenderWindow at /build/buildd/ogre-1.8-1.8.1+dfsg/RenderSystems/GL/src/OgreGLRenderSystem.cpp (line 1038)
00:35:25: OGRE EXCEPTION(2:InvalidParametersException): Window with name 'OgreWindow(0)' already exists in GLRenderSystem::_createRenderWindow at /build/buildd/ogre-1.8-1.8.1+dfsg/RenderSystems/GL/src/OgreGLRenderSystem.cpp (line 1038)
00:35:25: OGRE EXCEPTION(2:InvalidParametersException): Window with name 'OgreWindow(0)' already exists in GLRenderSystem::_createRenderWindow at /build/buildd/ogre-1.8-1.8.1+dfsg/RenderSystems/GL/src/OgreGLRenderSystem.cpp (line 1038)
00:35:25: OGRE EXCEPTION(2:InvalidParametersException): Window with name 'OgreWindow(0)' already exists in GLRenderSystem::_createRenderWindow at /build/buildd/ogre-1.8-1.8.1+dfsg/RenderSystems/GL/src/OgreGLRenderSystem.cpp (line 1038)
00:35:25: OGRE EXCEPTION(2:InvalidParametersException): Window with name 'OgreWindow(0)' already exists in GLRenderSystem::_createRenderWindow at /build/buildd/ogre-1.8-1.8.1+dfsg/RenderSystems/GL/src/OgreGLRenderSystem.cpp (line 1038)
00:35:25: OGRE EXCEPTION(2:InvalidParametersException): Window with name 'OgreWindow(0)' already exists in GLRenderSystem::_createRenderWindow at /build/buildd/ogre-1.8-1.8.1+dfsg/RenderSystems/GL/src/OgreGLRenderSystem.cpp (line 1038)
00:35:25: OGRE EXCEPTION(2:InvalidParametersException): Window with name 'OgreWindow(0)' already exists in GLRenderSystem::_createRenderWindow at /build/buildd/ogre-1.8-1.8.1+dfsg/RenderSystems/GL/src/OgreGLRenderSystem.cpp (line 1038)
00:35:25: OGRE EXCEPTION(2:InvalidParametersException): Window with name 'OgreWindow(0)' already exists in GLRenderSystem::_createRenderWindow at /build/buildd/ogre-1.8-1.8.1+dfsg/RenderSystems/GL/src/OgreGLRenderSystem.cpp (line 1038)
00:35:25: OGRE EXCEPTION(2:InvalidParametersException): Window with name 'OgreWindow(0)' already exists in GLRenderSystem::_createRenderWindow at /build/buildd/ogre-1.8-1.8.1+dfsg/RenderSystems/GL/src/OgreGLRenderSystem.cpp (line 1038)
00:35:25: OGRE EXCEPTION(2:InvalidParametersException): Window with name 'OgreWindow(0)' already exists in GLRenderSystem::_createRenderWindow at /build/buildd/ogre-1.8-1.8.1+dfsg/RenderSystems/GL/src/OgreGLRenderSystem.cpp (line 1038)
00:35:25: OGRE EXCEPTION(2:InvalidParametersException): Window with name 'OgreWindow(0)' already exists in GLRenderSystem::_createRenderWindow at /build/buildd/ogre-1.8-1.8.1+dfsg/RenderSystems/GL/src/OgreGLRenderSystem.cpp (line 1038)
00:35:25: OGRE EXCEPTION(2:InvalidParametersException): Window with name 'OgreWindow(0)' already exists in GLRenderSystem::_createRenderWindow at /build/buildd/ogre-1.8-1.8.1+dfsg/RenderSystems/GL/src/OgreGLRenderSystem.cpp (line 1038)
00:35:25: OGRE EXCEPTION(2:InvalidParametersException): Window with name 'OgreWindow(0)' already exists in GLRenderSystem::_createRenderWindow at /build/buildd/ogre-1.8-1.8.1+dfsg/RenderSystems/GL/src/OgreGLRenderSystem.cpp (line 1038)
00:35:25: OGRE EXCEPTION(2:InvalidParametersException): Window with name 'OgreWindow(0)' already exists in GLRenderSystem::_createRenderWindow at /build/buildd/ogre-1.8-1.8.1+dfsg/RenderSystems/GL/src/OgreGLRenderSystem.cpp (line 1038)
00:35:25: OGRE EXCEPTION(2:InvalidParametersException): Window with name 'OgreWindow(0)' already exists in GLRenderSystem::_createRenderWindow at /build/buildd/ogre-1.8-1.8.1+dfsg/RenderSystems/GL/src/OgreGLRenderSystem.cpp (line 1038)
00:35:25: OGRE EXCEPTION(2:InvalidParametersException): Window with name 'OgreWindow(0)' already exists in GLRenderSystem::_createRenderWindow at /build/buildd/ogre-1.8-1.8.1+dfsg/RenderSystems/GL/src/OgreGLRenderSystem.cpp (line 1038)
00:35:25: OGRE EXCEPTION(2:InvalidParametersException): Window with name 'OgreWindow(0)' already exists in GLRenderSystem::_createRenderWindow at /build/buildd/ogre-1.8-1.8.1+dfsg/RenderSystems/GL/src/OgreGLRenderSystem.cpp (line 1038)
00:35:25: OGRE EXCEPTION(2:InvalidParametersException): Window with name 'OgreWindow(0)' already exists in GLRenderSystem::_createRenderWindow at /build/buildd/ogre-1.8-1.8.1+dfsg/RenderSystems/GL/src/OgreGLRenderSystem.cpp (line 1038)
00:35:25: OGRE EXCEPTION(2:InvalidParametersException): Window with name 'OgreWindow(0)' already exists in GLRenderSystem::_createRenderWindow at /build/buildd/ogre-1.8-1.8.1+dfsg/RenderSystems/GL/src/OgreGLRenderSystem.cpp (line 1038)
00:35:25: OGRE EXCEPTION(2:InvalidParametersException): Window with name 'OgreWindow(0)' already exists in GLRenderSystem::_createRenderWindow at /build/buildd/ogre-1.8-1.8.1+dfsg/RenderSystems/GL/src/OgreGLRenderSystem.cpp (line 1038)
00:35:25: OGRE EXCEPTION(2:InvalidParametersException): Window with name 'OgreWindow(0)' already exists in GLRenderSystem::_createRenderWindow at /build/buildd/ogre-1.8-1.8.1+dfsg/RenderSystems/GL/src/OgreGLRenderSystem.cpp (line 1038)
00:35:25: OGRE EXCEPTION(2:InvalidParametersException): Window with name 'OgreWindow(0)' already exists in GLRenderSystem::_createRenderWindow at /build/buildd/ogre-1.8-1.8.1+dfsg/RenderSystems/GL/src/OgreGLRenderSystem.cpp (line 1038)
00:35:25: OGRE EXCEPTION(2:InvalidParametersException): Window with name 'OgreWindow(0)' already exists in GLRenderSystem::_createRenderWindow at /build/buildd/ogre-1.8-1.8.1+dfsg/RenderSystems/GL/src/OgreGLRenderSystem.cpp (line 1038)
00:35:25: OGRE EXCEPTION(2:InvalidParametersException): Window with name 'OgreWindow(0)' already exists in GLRenderSystem::_createRenderWindow at /build/buildd/ogre-1.8-1.8.1+dfsg/RenderSystems/GL/src/OgreGLRenderSystem.cpp (line 1038)
00:35:25: OGRE EXCEPTION(2:InvalidParametersException): Window with name 'OgreWindow(0)' already exists in GLRenderSystem::_createRenderWindow at /build/buildd/ogre-1.8-1.8.1+dfsg/RenderSystems/GL/src/OgreGLRenderSystem.cpp (line 1038)
00:35:25: OGRE EXCEPTION(2:InvalidParametersException): Window with name 'OgreWindow(0)' already exists in GLRenderSystem::_createRenderWindow at /build/buildd/ogre-1.8-1.8.1+dfsg/RenderSystems/GL/src/OgreGLRenderSystem.cpp (line 1038)
00:35:25: OGRE EXCEPTION(2:InvalidParametersException): Window with name 'OgreWindow(0)' already exists in GLRenderSystem::_createRenderWindow at /build/buildd/ogre-1.8-1.8.1+dfsg/RenderSystems/GL/src/OgreGLRenderSystem.cpp (line 1038)
00:35:25: OGRE EXCEPTION(2:InvalidParametersException): Window with name 'OgreWindow(0)' already exists in GLRenderSystem::_createRenderWindow at /build/buildd/ogre-1.8-1.8.1+dfsg/RenderSystems/GL/src/OgreGLRenderSystem.cpp (line 1038)
00:35:25: OGRE EXCEPTION(2:InvalidParametersException): Window with name 'OgreWindow(0)' already exists in GLRenderSystem::_createRenderWindow at /build/buildd/ogre-1.8-1.8.1+dfsg/RenderSystems/GL/src/OgreGLRenderSystem.cpp (line 1038)
00:35:25: OGRE EXCEPTION(2:InvalidParametersException): Window with name 'OgreWindow(0)' already exists in GLRenderSystem::_createRenderWindow at /build/buildd/ogre-1.8-1.8.1+dfsg/RenderSystems/GL/src/OgreGLRenderSystem.cpp (line 1038)
00:35:25: OGRE EXCEPTION(2:InvalidParametersException): Window with name 'OgreWindow(0)' already exists in GLRenderSystem::_createRenderWindow at /build/buildd/ogre-1.8-1.8.1+dfsg/RenderSystems/GL/src/OgreGLRenderSystem.cpp (line 1038)
00:35:25: OGRE EXCEPTION(2:InvalidParametersException): Window with name 'OgreWindow(0)' already exists in GLRenderSystem::_createRenderWindow at /build/buildd/ogre-1.8-1.8.1+dfsg/RenderSystems/GL/src/OgreGLRenderSystem.cpp (line 1038)
00:35:25: OGRE EXCEPTION(2:InvalidParametersException): Window with name 'OgreWindow(0)' already exists in GLRenderSystem::_createRenderWindow at /build/buildd/ogre-1.8-1.8.1+dfsg/RenderSystems/GL/src/OgreGLRenderSystem.cpp (line 1038)
00:35:25: OGRE EXCEPTION(2:InvalidParametersException): Window with name 'OgreWindow(0)' already exists in GLRenderSystem::_createRenderWindow at /build/buildd/ogre-1.8-1.8.1+dfsg/RenderSystems/GL/src/OgreGLRenderSystem.cpp (line 1038)
00:35:25: OGRE EXCEPTION(2:InvalidParametersException): Window with name 'OgreWindow(0)' already exists in GLRenderSystem::_createRenderWindow at /build/buildd/ogre-1.8-1.8.1+dfsg/RenderSystems/GL/src/OgreGLRenderSystem.cpp (line 1038)
00:35:25: OGRE EXCEPTION(2:InvalidParametersException): Window with name 'OgreWindow(0)' already exists in GLRenderSystem::_createRenderWindow at /build/buildd/ogre-1.8-1.8.1+dfsg/RenderSystems/GL/src/OgreGLRenderSystem.cpp (line 1038)
00:35:25: OGRE EXCEPTION(2:InvalidParametersException): Window with name 'OgreWindow(0)' already exists in GLRenderSystem::_createRenderWindow at /build/buildd/ogre-1.8-1.8.1+dfsg/RenderSystems/GL/src/OgreGLRenderSystem.cpp (line 1038)
00:35:25: OGRE EXCEPTION(2:InvalidParametersException): Window with name 'OgreWindow(0)' already exists in GLRenderSystem::_createRenderWindow at /build/buildd/ogre-1.8-1.8.1+dfsg/RenderSystems/GL/src/OgreGLRenderSystem.cpp (line 1038)
